[   0.00] Iniazinggrp ubsycpet
  0.000]niiaizg roupsuyscpu    0000] itlizi cou subs uacc
[  0.00] inuxeron 4.019-ger (uildlc1-am4-3) (c rsio 5.02006 (bunt5.0-6uun1~6..9) 143-un SMPonpr 26::24 TC 2018 Ubuntu.4-11943ener 4.114
[  0.00] omma le: BT_AG=/bo/vinuz.4-19-gerirootLAL=loudg-otfso nsoltt conse=tyS0[   .00000] ERNEL uppotecpus
[   00000  ntelenineInl
[  0000] AMD thnticD[  00000  enta Cntauaus
[    .0000]86fpu: tae_fset2]: 76xsta_ses[2  6
[  0.0000x8fpu:uprtinXSE eatu 01: '7 oaing inregier
[   00000]86pu: pptingSA fatur0x2:SSregisters'
[    0.000000] x86/fpu: Supporting XSAVE feature 004'AVX rgiers'
  0.00000]x8/fu: Eabd stat ftues 07,onext zes 83bys,usin 'anard'ort.
  0.0000 x/fpu Ung'laz F conte stches.
[   000000] 82 BOS-pvid phsil AM m:[   0.000] BIO-e820: me 000000000000-0000009ff] uab
   0.0000]BIS-e80:me 0x00000009000x00000009fff]rervd  0.0000 BOS-e82: em0x0000000f0000-000000000fff] rseed
[   0.000] BI-e20 [mem0x0000001000-000000003ffeff uable
  0.0000] OSe820[m 0x00003fff00x00000ffffffAC dat
  0.0000 BOS-e820 [m x00000fec0000x000000c0fff]rervd  0.0000 BOS-e82: me0x00000fe000000x00000fee00fff] reserved
[    0.000000] BOS82: [m 0000000ff000-0x00000000ffffffff] reserved
[    0.000000] NX (Execute Disable) protection: active
[    0.000000] SMBIOS 2.5 present.
[    .000] Hersor deecedKV
[   00000]e8: ast_fn 03fff mx_arc_pn 0x000000[   .0000] MRRDiable
  0.00000]86PAT:TR disbl, kippngATinitlitin too
[   0.00000 CU MTR al ban- viruaze sysm.
[  .0000]x86/T:onfigurti [-7]: WB  WT  UC- UC WB W  UC- UC  
[    0.00000]fondSMP -tble atme 0x009ff-0x00fff] mapped at [ffff88000009fff0]
[  000000] Sanng1 arasfolow mo crrupon
[    0.000]RAMDISK:[m 036aae0-03754ef]
[   0.000] ACPI: Early table checksum verification disabled
[    0.000000] ACPI: RSDP 0x00000000000E0000 000024 (v02 VBOX  )
[    0.000000] ACPI: XSDT 0x000000003FFF0030 00003C (v01 VBOX  VXXSDT 0000 A  00061)[   0.000]ACPI: FCPx0000003F0F0 000 (04 VX VBOXFACP 00000001 ASL  0000001)[    .000] ACPI: DSDT 0x000000003FFF0470 0021FF (v2 OX  VBXBS 00002 TL 21028
[   0000 AI: FCSx000003FFF20 00040
[   .00000ACI: FCSx00000FF200040
[  00000] PIAPICx000003FFF240005 (02VBX   BOPI 000001 L  00061
[   00000] CP SDT 0000003FF02 001CCv01 BO   VBOXCPUT 00000002 INTL 201052
   0.000 No UMcofiguti fun
  0.00000Fang ano a [me 00000000000-0x000003fefff][   0.000000] NODE_DATA0)llcate [m x3ffe00-0ffefff
[    0.000000] kvm-clock: Using msrs 4b564d01 and 4b564d00
[    0.000000] kvm-clock: cpu 0, msr 0:3ffe3001, primary cpu clock
[    0.000000] kvm-clock: using sched offset of 288048cyles[  0.0000]clocsoure:vmcloc: sk 0xfffffffffffaxcycls:x1d42edf, ax_ie_: 81595983ns
  0.00000] Zoe ngs:
  0.0000  MA    [m 00000000000001000-0x0000000000ffffff]
[    0.000000]   DMA32    [mem 0x00000000000-0000003efff][  0.000]  Normal  pt
[    0.000000]   Device   empty
[    0.000000] Movable zone start for each node
[    0.000000] Ealyemry ndeanes[   .0000] node   [emx000000000000x0000009eff][   0.000]  od  0:[m 00000000100000x000003fff]
[    0.000]Initemetp no 0[mem0x0000000001000-0x00003ffefff
[   0.000]ACPIPMimerIOor: 0x4008[  0.000 IAPIC0]apc_id2,erion , dressxf0000, GI 23
[   .000] ACP: T_RC_O (s 0 usrq0 global_iq dfl dl)[   .0000] APIIN_SRC_VRbu 0 bs_q  gloalrq9 low leve)    .000] UsngCP (MAT)orSMP nfuratonnfrmti
   0.000 smpoo: loing 2CP,  hotugPUs[    0.00000PMReiser nsaveemy: [m 0000000x000f][   0.000] P: giteredose meor: mem 0x0009f000-0x0009ffff]
[    0.000000] PM: Registered nosave memory: [mem 0x000a0000-0x000effff]
[    0.000000] PM: Registere nsa memy:[mm 0x000f0000-0x00fff]
[   .00000] 82: em0x0000-0xfbfff avaabe fo P dics[  00000] otinpavitualized kernel on KVM
[    0.000000] clocksource: refined-jiffies: mask: 0xffffffff max_cycles: 0xffffffff, max_idle_ns: 7645519600211568 ns
[    0.000000] setup_percpu: NR_CPUS:512 nr_cpumask_bits:512 nr_cpu_ids:2 nr_node_ids:1
[    0.000000] PERCPU: Embedded 34 pages/cpu @ffff80fc0000994 r892d328 u0476
[   00000]PVqsinlok sh tblenries:25(oder 0406 bytes)
[    0.000000] Bil1 onelists in Node order, mobitgroupng . Totalpas:257912
[    0.000000] Policy zone: DA3
[   0.0000 Kernecomand line: BOOT_IMAE=oot/vmnu-4.4.0-119-generic root=LABEL=cloudimg-rootfs ro console=tty1 console=ttyS0
[    0.000000] PID hash table entres406 orer 3 368ytes
  0.0000] emor: 0140K/0420 avaabe 85K rnelcoe,1313rwta, 96rodata 18Kinit, 31K ss, 46480K esrvd,K  cm-rered)[   0.00] SL: algn=6, de=03,inbjecs= CUs=2Nos=1   0.000] erne/Ur age abs solaio eabled
  0.0000] errccaRC impemenatn.
[  000000] 	Build-time adjustment of leaf fanout to 64.
[    0.000000] 	RCU restricting CPUs fm R_PUS=12tor_cpid2.
[    0.000] CU: djtig geomtrfo rcuant_eaf=64, n_cu_s=
[   00000]R_QS:324r_rqs:406
[  00000]Cool: colour VGA+ 80x25
[    0.000000] console [tty1] enabled
[    0.000000] console [ttyS0] enabled
[    0.000000 t: etected 2394.462 MHz processor
[   22.661753] Calibrating delay loop (skipped) preset value.. 4788.92 BogoMIPS (lpj=9577848)
[   22.667104] pid_max: default: 32768 minimum: 301
[   22.667871] ACPI: Core revision 20150930
[   22.669561] ACPI: 2 ACPI AML tables successfully acquired and loaded
[   22.793759] Security Framework initialized
[   22.843486] Yama: becoming mindful.
[   22.886758] AppArmor: AppArmor initialized
[   22.981391] Dentry cache hash table entries: 131072 (order: 8, 1048576 bytes)
[   23.126638] Inode-cache hash table entries: 65536 (order: 7, 524288 bytes)
[   23.298287] Mount-cache hash table entries: 2048 (order: 2, 16384 bytes)
[   23.423267] Mountpoint-cache hash table entries: 2048 (order: 2, 16384 bytes)
[   23.607187] Initializing cgroup subsys io
[   23.705727] Initializing cgroup subsys memory
[   23.806409] Initializing cgroup subsys devices
[   23.898297] Initializing cgroup subsys freezer
[   23.926905] Initializing cgroup subsys net_cls
[   24.026397] Initializing cgroup subsys perf_event
[   24.113553] Initializing cgroup subsys net_prio
[   24.127178] Initializing cgroup subsys hugetlb
[   24.127935] Initializing cgroup subsys pids
[   24.226855] CPU: Physical Processor ID: 0
[   24.318656] CPU: Processor Core ID: 0
[   24.338523] FEATURE SPEC_CTRL Not Present
[   24.446575] mce: CPU supports 0 MCE banks
[   24.518221] Last level iTLB entries: 4KB 1024, 2MB 1024, 4MB 1024
[   24.550408] Last level dTLB entries: 4KB 1024, 2MB 1024, 4MB 1024, 1GB 4
[   24.563439] Spectre V2 mitigation: Mitigation: Full generic retpoline
[   24.586967] Spectre V2 mitigation: Speculation control IBPB not-supported IBRS not-supported
[   24.779979] Freeing SMP alternatives memory: 32K
[   24.862655] ftrace: allocating 32195 entries in 126 pages
[   25.029446] smpboot: APIC(0) Converting physical 0 to logical package 0
[   25.193778] smpboot: Max logical packages: 1
[   25.266347] x2apic enabled
[   25.267110] Switched APIC routing to physical x2apic.
[   25.278181] ..TIMER: vector=0x30 apic1=0 pin1=2 apic2=-1 pin2=-1
[   25.385960] smpboot: CPU0: Intel(R) Core(TM) i7-4700HQ CPU @ 2.40GHz (family: 0x6, model: 0x3c, stepping: 0x3)
[   25.619888] Performance Events: unsupported p6 CPU model 60 no PMU driver, software events only.
[   25.841948] KVM setup paravirtual spinlock
[   25.950224] x86: Booting SMP configuration:
[   26.040288] .... node  #0, CPUs:      #1
[   26.132093] kvm-clock: cpu 1, msr 0:3ffe3041, secondary cpu clock
[   26.191585] mce: CPU supports 0 MCE banks
[   26.220219] x86: Booted up 1 node, 2 CPUs
[   26.300506] smpboot: Total of 2 processors activated (9577.84 BogoMIPS)
[   26.400478] devtmpfs: initialized
[   26.428197] evm: security.selinux
[   26.486996] evm: security.SMACK64
[   26.516327] evm: security.SMACK64EXEC
[   26.623910] evm: security.SMACK64TRANSMUTE
[   26.663002] evm: security.SMACK64MMAP
[   26.707020] evm: security.ima
[   26.755824] evm: security.capability
[   26.771023] clocksource: jiffies: mask: 0xffffffff max_cycles: 0xffffffff, max_idle_ns: 7645041785100000 ns
[   26.910626] futex hash table entries: 512 (order: 3, 32768 bytes)
[   26.947309] pinctrl core: initialized pinctrl subsystem
[   26.948286] RTC time:  2:02:01, date: 04/12/18
[   27.016118] NET: Registered protocol family 16
[   27.035139] cpuidle: using governor ladder
[   27.118284] cpuidle: using governor menu
[   27.172322] PCCT header not found.
[   27.218384] ACPI: bus type PCI registered
[   27.291580] acpiphp: ACPI Hot Plug PCI Controller Driver version: 0.5
[   27.432644] PCI: Using configuration type 1 for base access
[   27.549992] ACPI: Added _OSI(Module Device)
[   27.563680] ACPI: Added _OSI(Processor Device)
[   27.625102] ACPI: Added _OSI(3.0 _SCP Extensions)
[   27.668017] ACPI: Added _OSI(Processor Aggregator Device)
[   27.751149] ACPI: Executed 1 blocks of module-level executable AML code
[   27.840009] ACPI: Interpreter enabled
[   27.926088] ACPI: (supports S0 S5)
[   27.947743] ACPI: Using IOAPIC for interrupt routing
[   27.952618] PCI: Using host bridge windows from ACPI; if necessary, use "pci=nocrs" and report a bug
[   27.957323] ACPI: PCI Root Bridge [PCI0] (domain 0000 [bus 00-ff])
[   28.028165] acpi PNP0A03:00: _OSC: OS supports [ASPM ClockPM Segments MSI]
[   28.029228] acpi PNP0A03:00: _OSC: not requesting OS control; OS requires [ExtendedConfig ASPM ClockPM MSI]
[   28.030770] acpi PNP0A03:00: fail to add MMCONFIG information, can't access extended PCI configuration space under this bridge.
[   28.032789] PCI host bridge to bus 0000:00
[   28.110960] pci_bus 0000:00: root bus resource [io  0x0000-0x0cf7 window]
[   28.111987] pci_bus 0000:00: root bus resource [io  0x0d00-0xffff window]
[   28.188341] pci_bus 0000:00: root bus resource [mem 0x000a0000-0x000bffff window]
[   28.226431] pci_bus 0000:00: root bus resource [mem 0x40000000-0xfdffffff window]
[   28.389702] pci_bus 0000:00: root bus resource [bus 00-ff]
[   28.393475] pci 0000:00:01.1: legacy IDE quirk: reg 0x10: [io  0x01f0-0x01f7]
[   28.539107] pci 0000:00:01.1: legacy IDE quirk: reg 0x14: [io  0x03f6]
[   28.629290] pci 0000:00:01.1: legacy IDE quirk: reg 0x18: [io  0x0170-0x0177]
[   28.639242] pci 0000:00:01.1: legacy IDE quirk: reg 0x1c: [io  0xx376]
[   28.789992] pci 0000:00:07.0: quirk: [io  0x4000-0x403f] claimed by PIIX4 ACPI
[   28.931316] pci 0000:00:07.0: quirk: [io  0x4100-0x410f] claimed by PIIX4 SMB
[   29.098554] ACPI: PCI Interrupt Link [LNKA] (IRQs 5 9 10 *11)
[   29.216691] ACPI: PCI Interrupt Link [LNKB] (IRQs 5 9 *10 11)
[   29.296123] ACPI: PCI Interrupt Link [LNKC] (IRQs 5 *9 10 11)
[   29.353552] ACPI: PCI Interrupt Link [LNKD] (IRQs 5 9 10 *11)
[   29.458741] ACPI: Enabled 2 GPEs in block 00 to 07
[   29.507295] vgaarb: setting as boot device: PCI:0000:00:02.0
[   29.535241] vgaarb: device added: PCI:0000:00:02.0,decodes=io+mem,owns=io+mem,locks=none
[   29.621877] vgaarb: loaded
[   29.622416] vgaarb: bridge control possible 0000:00:02.0
[   29.644983] SCSI subsystem initialized
[   29.724076] ACPI: bus type USB registered
[   29.818841] usbcore: registered new interface driver usbfs
[   29.896037] usbcore: registered new interface driver hub
[   30.007468] usbcore: registered new device driver usb
[   30.107834] PCI: Using ACPI for IRQ routing
[   30.172975] NetLabel: Initializing
[   30.246373] NetLabel:  domain hash size = 128
[   30.271226] NetLabel:  protocols = UNLABELED CIPSOv4
[   30.303781] NetLabel:  unlabeled traffic allowed by default
[   30.335358] amd_nb: Cannot enumerate AMD northbridges
[   30.383867] clocksource: Switched to clocksource kvm-clock
[   30.396862] AppArmor: AppArmor Filesystem Enabled
[   30.464276] pnp: PnP ACPI init
[   30.536119] pnp: PnP ACPI: found 3 devices
[   30.594101] clocksource: acpi_pm: mask: 0xffffff max_cycles: 0xffffff, max_idle_ns: 2085701024 ns
[   30.743064] NET: Registered protocol family 2
[   30.805358] TCP established hash table entries: 8192 (order: 4, 65536 bytes)
[   30.820939] TCP bind hash table entries: 8192 (order: 5, 131072 bytes)
[   30.851279] TCP: Hash tables configured (established 8192 bind 8192)
[   30.855430] UDP hash table entries: 512 (order: 2, 16384 bytes)
[   30.867999] UDP-Lite hash table entries: 512 (order: 2, 16384 bytes)
[   30.878332] NET: Registered protocol family 1
[   30.921551] pci 0000:00:00.0: Limiting direct PCI/PCI transfers
[   30.947946] pci 0000:00:01.0: Activating ISA DMA hang workarounds
[   30.949029] Unpacking initramfs...
[   32.734956] Freeing initrd memory: 10884K
[   32.822052] RAPL PMU detected, API unit is 2^-32 Joules, 4 fixed counters 10737418240 ms ovfl timer
[   32.920107] hw unit of domain pp0-core 2^-0 Joules
[   32.954013] hw unit of domain package 2^-0 Joules
[   33.028568] hw unit of domain dram 2^-0 Joules
[   33.038191] hw unit of domain pp1-gpu 2^-0 Joules
[   33.069571] platform rtc_cmos: registered platform RTC device (no PNP device found)
[   33.147240] Scanning for low memory corruption every 60 seconds
[   33.243804] audit: initializing netlink subsys (disabled)
[   33.336502] audit: type=2000 audit(1523498504.482:1): initialized
[   33.343509] Initialise system trusted keyring
[   33.353342] HugeTLB registered 2 MB page size, pre-allocated 0 pages
[   33.355505] zbud: loaded
[   33.358096] VFS: Disk quotas dquot_6.6.0
[   33.394362] VFS: Dquot-cache hash table entries: 512 (order 0, 4096 bytes)
[   33.430370] squashfs: version 4.0 (2009/01/31) Phillip Lougher
[   33.455275] fuse init (API version 7.23)
[   33.479767] Key type big_key registered
[   33.509402] Allocating IMA MOK and blacklist keyrings.
[   33.511364] Key type asymmetric registered
[   33.554216] Asymmetric key parser 'x509' registered
[   33.555076] Block layer SCSI generic (bsg) driver version 0.4 loaded (major 249)
[   33.578552] io scheduler noop registered
[   33.581389] io scheduler deadline registered (default)
[   33.625430] io scheduler cfq registered
[   33.669132] pci_hotplug: PCI Hot Plug PCI Core version: 0.5
[   33.696406] pciehp: PCI Express Hot Plug Controller Driver version: 0.4
[   33.698083] ACPI: AC Adapter [AC] (on-line)
[   33.700381] input: Power Button as /devices/LNXSYSTM:00/LNXPWRBN:00/input/input0
[   33.706090] ACPI: Power Button [PWRF]
[   33.712273] input: Sleep Button as /devices/LNXSYSTM:00/LNXSLPBN:00/input/input1
[   33.749996] ACPI: Sleep Button [SLPF]
[   33.761253] GHES: HEST is not enabled!
[   33.762061] ACPI: Battery Slot [BAT0] (battery present)
[   33.784300] Serial: 8250/16550 driver, 32 ports, IRQ sharing enabled
[   33.861841] 00:02: ttyS0 at I/O 0x3f8 (irq = 4, base_baud = 115200) is a 16550A
[   33.887809] Linux agpgart interface v0.103
[   33.920012] loop: module loaded
[   33.937961] scsi host0: ata_piix
[   33.949946] scsi host1: ata_piix
[   33.958169] ata1: PATA max UDMA/33 cmd 0x1f0 ctl 0x3f6 bmdma 0xd000 irq 14
[   33.966194] ata2: PATA max UDMA/33 cmd 0x170 ctl 0x376 bmdma 0xd008 irq 15
[   33.975195] libphy: Fixed MDIO Bus: probed
[   33.977815] tun: Universal TUN/TAP device driver, 1.6
[   33.978651] tun: (C) 1999-2004 Max Krasnyansky <maxk@qualcomm.com>
[   33.986052] PPP generic driver version 2.4.2
[   33.991555] ehci_hcd: USB 2.0 'Enhanced' Host Controller (EHCI) Driver
[   34.002781] ehci-pci: EHCI PCI platform driver
[   34.003788] ehci-platform: EHCI generic platform driver
[   34.012215] ohci_hcd: USB 1.1 'Open' Host Controller (OHCI) Driver
[   34.017469] ohci-pci: OHCI PCI platform driver
[   34.018594] ohci-platform: OHCI generic platform driver
[   34.022216] uhci_hcd: USB Universal Host Controller Interface driver
[   34.028762] i8042: PNP: PS/2 Controller [PNP0303:PS2K,PNP0f03:PS2M] at 0x60,0x64 irq 1,12
[   34.050577] serio: i8042 KBD port at 0x60,0x64 irq 1
[   34.077289] tsc: Refined TSC clocksource calibration: 2394.376 MHz
[   34.085582] clocksource: tsc: mask: 0xffffffffffffffff max_cycles: 0x228376e40a5, max_idle_ns: 440795311654 ns
[   34.085632] serio: i8042 AUX port at 0x60,0x64 irq 12
[   34.148094] mousedev: PS/2 mouse device common for all mice
[   34.213526] input: AT Translated Set 2 keyboard as /devices/platform/i8042/serio0/input/input2
[   34.220387] rtc_cmos rtc_cmos: rtc core: registered rtc_cmos as rtc0
[   34.220447] rtc_cmos rtc_cmos: alarms up to one day, 114 bytes nvram
[   34.220455] i2c /dev entries driver
[   34.220505] device-mapper: uevent: version 1.0.3
[   34.220552] device-mapper: ioctl: 4.34.0-ioctl (2015-10-28) initialised: dm-devel@redhat.com
[   34.220586] ledtrig-cpu: registered to indicate activity on CPUs
[   34.360297] NET: Registered protocol family 10
[   34.360456] NET: Registered protocol family 17
[   34.360465] Key type dns_resolver registered
[   34.360703] registered taskstats version 1
[   34.360717] Loading compiled-in X.509 certificates
[   34.361298] Loaded X.509 cert 'Build time autogenerated kernel key: f854e06633b5f496ced5b2e02c7b14f761b69302'
[   34.361312] zswap: loaded using pool lzo/zbud
[   34.363106] Key type trusted registered
[   34.366853] Key type encrypted registered
[   34.366861] AppArmor: AppArmor sha1 policy hashing enabled
[   34.366865] ima: No TPM chip found, activating TPM-bypass!
[   34.366888] evm: HMAC attrs: 0x1
[   34.367256]   Magic number: 14:59:5
[   34.373395] rtc_cmos rtc_cmos: setting system clock to 2018-04-12 02:02:08 UTC (1523498528)
[   34.373553] BIOS EDD facility v0.16 2004-Jun-25, 0 devices found
[   34.373554] EDD information not available.
[   35.398108] Freeing unused kernel memory: 1508K
[   35.421597] Write protecting the kernel read-only data: 14336k
[   35.430168] Freeing unused kernel memory: 1696K
[   35.447179] Freeing unused kernel memory: 100K
Loading, please wait...
[   35.465954] random: systemd-udevd: uninitialized urandom read (16 bytes read, 4 bits of entropy available)
starting version[   35.466628] random: udevadm: uninitialized urandom read (16 bytes read, 4 bits of entropy available)
 229
[   35.466657] random: udevadm: uninitialized urandom read (16 bytes read, 4 bits of entropy available)
[   35.482182] random: udevadm: uninitialized urandom read (16 bytes read, 4 bits of entropy available)
[   35.482235] random: udevadm: uninitialized urandom read (16 bytes read, 4 bits of entropy available)
[   35.482408] random: udevadm: uninitialized urandom read (16 bytes read, 4 bits of entropy available)
[   35.482481] random: udevadm: uninitialized urandom read (16 bytes read, 4 bits of entropy available)
[   35.482548] random: udevadm: uninitialized urandom read (16 bytes read, 4 bits of entropy available)
[   35.482612] random: udevadm: uninitialized urandom read (16 bytes read, 4 bits of entropy available)
[   35.482703] random: udevadm: uninitialized urandom read (16 bytes read, 4 bits of entropy available)
[   35.711457] Fusion MPT base driver 3.04.20
[   35.721100] Copyright (c) 1999-2008 LSI Corporation
[   35.740215] e1000: Intel(R) PRO/1000 Network Driver - version 7.3.21-k8-NAPI
[   35.786422] e1000: Copyright (c) 1999-2006 Intel Corporation.
[   35.836822] Fusion MPT SPI Host driver 3.04.20
[   35.864206] mptbase: ioc0: Initiating bringup
[   35.881653] AVX2 version of gcm_enc/dec engaged.
[   35.940095] ioc0: LSI53C1030 A0: Capabilities={Initiator}
[   36.059058] AES CTR mode by8 optimization enabled
[   36.141435] scsi host2: ioc0: LSI53C1030 A0, FwRev=00000000h, Ports=1, MaxQ=256, IRQ=20
[   36.175880] input: ImExPS/2 Generic Explorer Mouse as /devices/platform/i8042/serio1/input/input4
[   36.313359] scsi 2:0:0:0: Direct-Access     VBOX     HARDDISK         1.0  PQ: 0 ANSI: 5
[   36.326598] scsi target2:0:0: Beginning Domain Validation
[   36.329276] scsi target2:0:0: Domain Validation skipping write tests
[   36.402056] scsi target2:0:0: Ending Domain Validation
[   36.464733] scsi target2:0:0: asynchronous
[   36.480202] scsi 2:0:1:0: Direct-Access     VBOX     HARDDISK         1.0  PQ: 0 ANSI: 5
[   36.497639] scsi target2:0:1: Beginning Domain Validation
[   36.545293] scsi target2:0:1: Domain Validation skipping write tests
[   36.606875] scsi target2:0:1: Ending Domain Validation
[   36.643314] scsi target2:0:1: asynchronous
[   36.676898] sd 2:0:0:0: Attached scsi generic sg0 type 0
[   36.686578] sd 2:0:0:0: [sda] 20971520 512-byte logical blocks: (10.7 GB/10.0 GiB)
[   36.714481] sd 2:0:1:0: Attached scsi generic sg1 type 0
[   36.723293] sd 2:0:1:0: [sdb] 20480 512-byte logical blocks: (10.5 MB/10.0 MiB)
[   36.736661] sd 2:0:0:0: [sda] Write Protect is off
[   36.760136] sd 2:0:1:0: [sdb] Write Protect is off
[   36.804483] sd 2:0:0:0: [sda] Incomplete mode parameter data
[   36.808526] e1000 0000:00:03.0 eth0: (PCI:33MHz:32-bit) 02:1b:e7:ca:c1:c0
[   36.808533] e1000 0000:00:03.0 eth0: Intel(R) PRO/1000 Network Connection
[   36.982171] sd 2:0:0:0: [sda] Assuming drive cache: write through
[   37.004754] sd 2:0:1:0: [sdb] Incomplete mode parameter data
[   37.016253] sd 2:0:1:0: [sdb] Assuming drive cache: write through
[   37.025164]  sda: sda1
[   37.077195] sd 2:0:0:0: [sda] Attached SCSI disk
[   37.139962] sd 2:0:1:0: [sdb] Attached SCSI disk
[   37.223994] e1000 0000:00:08.0 eth1: (PCI:33MHz:32-bit) 08:00:27:b6:56:9e
[   37.223996] e1000 0000:00:08.0 eth1: Intel(R) PRO/1000 Network Connection
[   37.255217] e1000 0000:00:08.0 enp0s8: renamed from eth1
[   37.416802] e1000 0000:00:03.0 enp0s3: renamed from eth0
[   38.736689] floppy0: no floppy controllers found
Begin: Loading e[   40.141132] md: linear personality registered for level -1
ssential drivers ... [   40.189143] md: multipath personality registered for level -4
[   40.203480] md: raid0 personality registered for level 0
[   40.245793] md: raid1 personality registered for level 1
[   40.332143] raid6: sse2x1   gen()  9348 MB/s
[   40.420072] raid6: sse2x1   xor()  7492 MB/s
[   40.532046] raid6: sse2x2   gen() 12197 MB/s
[   40.647872] raid6: sse2x2   xor()  7735 MB/s
[   40.771945] raid6: sse2x4   gen() 13113 MB/s
[   40.843882] raid6: sse2x4   xor()  9354 MB/s
[   40.980250] raid6: avx2x1   gen() 18394 MB/s
[   41.088248] raid6: avx2x2   gen() 20856 MB/s
[   41.191912] raid6: avx2x4   gen() 24099 MB/s
[   41.262295] raid6: using algorithm avx2x4 gen() 24099 MB/s
[   41.335767] raid6: using avx2x2 recovery algorithm
[   41.358216] xor: automatically using best checksumming function:
[   41.424146]    avx       : 19811.000 MB/sec
[   41.456283] async_tx: api initialized (async)
[   41.505663] md: raid6 personality registered for level 6
[   41.539207] md: raid5 personality registered for level 5
[   41.576957] md: raid4 personality registered for level 4
[   41.597729] md: raid10 personality registered for level 10
done.
Begin: Running /scripts/init-premount ... done.
Begin: Mounting root file system ... Begin: Running /scripts/local-top ... done.
Begin: Running /scripts/loca[   41.644335] Btrfs loaded
l-premount ... Scanning for Btrfs filesystems
done.
Warning: fsck not present, so sk[   41.740185] EXT4-fs (sda1): INFO: recovery required on readonly filesystem
ipping root file system
[   41.761090] EXT4-fs (sda1): write access will be enabled during recovery
[   42.149130] EXT4-fs (sda1): orphan cleanup on readonly fs
[   42.230158] EXT4-fs (sda1): 6 orphan inodes deleted
[   42.253595] EXT4-fs (sda1): recovery complete
[   42.265373] EXT4-fs (sda1): mounted filesystem with ordered data mode. Opts: (null)
done.
[   42.316670] random: nonblocking pool is initialized
Begin: Running /scripts/local-bottom ... done.
Begin: Running /scripts/init-bottom ... done.
[   43.818846] systemd[1]: systemd 229 running in system mode. (+PAM +AUDIT +SELINUX +IMA +APPARMOR +SMACK +SYSVINIT +UTMP +LIBCRYPTSETUP +GCRYPT +GNUTLS +ACL +XZ -LZ4 +SECCOMP +BLKID +ELFUTILS +KMOD -IDN)
[   43.908296] systemd[1]: Detected virtualization oracle.
[   44.000755] systemd[1]: Detected architecture x86-64.

Welcome to [1mUbuntu 16.04.4 LTS[0m!

[   44.094633] systemd[1]: Set hostname to <ubuntu-xenial>.
[   45.270379] systemd[1]: Reached target User and Group Name Lookups.
[[0;32m  OK  [0m] Reached target User and Group Name Lookups.
[   45.311899] systemd[1]: Set up automount Arbitrary Executable File Formats File System Automount Point.
[[0;32m  OK  [0m] Set up automount Arbitrary Executab...ats File System Automount Point.
[   45.400580] systemd[1]: Reached target Encrypted Volumes.
[[0;32m  OK  [0m] Reached target Encrypted Volumes.
[   45.480851] systemd[1]: Listening on udev Kernel Socket.
[[0;32m  OK  [0m] Listening on udev Kernel Socket.
[   45.550182] systemd[1]: Listening on LVM2 poll daemon socket.
[[0;32m  OK  [0m] Listening on LVM2 poll daemon socket.
[   45.588469] systemd[1]: Listening on LVM2 metadata daemon socket.
[[0;32m  OK  [0m] Listening on LVM2 metadata daemon socket.
[   45.673455] systemd[1]: Started Forward Password Requests to Wall Directory Watch.
[[0;32m  OK  [0m] Started Forward Password Requests to Wall Directory Watch.
[   45.781202] systemd[1]: Created slice User and Session Slice.
[[0;32m  OK  [0m] Created slice User and Session Slice.
[   45.893546] systemd[1]: Listening on Device-mapper event daemon FIFOs.
[[0;32m  OK  [0m] Listening on Device-mapper event daemon FIFOs.
[   45.929078] systemd[1]: Listening on udev Control Socket.
[[0;32m  OK  [0m] Listening on udev Control Socket.
[   46.012604] systemd[1]: Listening on Journal Audit Socket.
[[0;32m  OK  [0m] Listening on Journal Audit Socket.
[   46.078167] systemd[1]: Started Trigger resolvconf update for networkd DNS.
[[0;32m  OK  [0m] Started Trigger resolvconf update for networkd DNS.
[   46.146494] systemd[1]: Reached target Swap.
[[0;32m  OK  [0m] Reached target Swap.
[   46.172879] systemd[1]: Listening on Journal Socket (/dev/log).
[[0;32m  OK  [0m] Listening on Journal Socket (/dev/log).
[   46.240314] systemd[1]: Reached target System Time Synchronized.
[[0;32m  OK  [0m] Reached target System Time Synchronized.
[   46.312694] systemd[1]: Listening on Journal Socket.
[[0;32m  OK  [0m] Listening on Journal Socket.
[   46.424428] systemd[1]: Created slice System Slice.
[[0;32m  OK  [0m] Created slice System Slice.
[   46.540543] systemd[1]: Starting Remount Root and Kernel File Systems...
[   46.618260] EXT4-fs (sda1): re-mounted. Opts: (null)
         Starting Remount Root and Kernel File Systems...
[   46.705637] systemd[1]: Starting Create list of required static device nodes for the current kernel...
         Starting Create list of required st... nodes for the current kernel...
[   46.812438] systemd[1]: Mounting Huge Pages File System...
         Mounting Huge Pages File System...
[   46.884535] systemd[1]: Starting Set console keymap...
         Starting Set console keymap...
[   46.960745] systemd[1]: Mounting POSIX Message Queue File System...
         Mounting POSIX Message Queue File System...
[   47.016414] systemd[1]: Mounting Debug File System...
         Mounting Debug File System...
[   47.220410] systemd[1]: Starting Load Kernel Modules...
         Starting Load Kernel Modules...
[   47.281584] Loading iSCSI transport class v2.0-870.
[   48.448799] iscsi: registered transport (tcp)
[   48.540519] systemd[1]: Starting Nameserver information manager...
         Starting Nameserver information manager...
[   48.597403] iscsi: registered transport (iser)
[   49.372418] systemd[1]: Created slice system-serial\x2dgetty.slice.
[[0;32m  OK  [0m] Created slice system-serial\x2dgetty.slice.
[   49.441101] systemd[1]: Starting Monitoring of LVM2 mirrors, snapshots etc. using dmeventd or progress polling...
         Starttng Monitoring of LVM2 mirrors... dmeventd or progress polling...
[   49.557399] systemd[1]: Reached target Slices.
[[0;32m  OK  [0m] Reached target Slices.
[   49.672680] systemd[1]: Starting Uncomplicated firewall...
         Starting Uncomplicated firewall...
[   49.804692] systemd[1]: Listening on Syslog Socket.
[[0;32m  OK  [0m] Listening on Syslog Socket.
[   49.936655] systemd[1]: Starting Journal Service...
         Starting Journal Service...
[   50.056928] systemd[1]: Listening on /dev/initctl Compatibility Named Pipe.
[[0;32m  OK  [0m] Listening on /dev/initctl Compatibility Named Pipe.
[   50.129208] systemd[1]: Mounted POSIX Message Queue File System.
[[0;32m  OK  [0m] Mounted POSIX Message Queue File System.
[   50.139815] systemd[1]: Mounted Huge Pages File System.
[[0;32m  OK  [0m] Mounted Huge Pages File System.
[   50.196700] systemd[1]: Mounted Debug File System.
[[0;32m  OK  [0m] Mounted Debug File System.
[   50.248587] systemd[1]: Started Journal Service.
[[0;32m  OK  [0m] Started Journal Service.
[[0;32m  OK  [0m] Started Remount Root and Kernel File Systems.
[[0;32m  OK  [0m] Started Create list of required sta...ce nodes for the current kernel.
[[0;32m  OK  [0m] Started Set console keymap.
[[0;32m  OK  [0m] Started Load Kernel Modules.
[[0;32m  OK  [0m] Started Uncomplicated firewall.
[[0;32m  OK  [0m] Started Nameserver information manager.
[[0;32m  OK  [0m] Started LVM2 metadata daemon.
         Mounting FUSE Control File System...
         Starting Apply Kernel Variables...
         Starting Create Static Device Nodes in /dev...
         Starting Load/Save Random Seed...
         Starting Initial cloud-init job (pre-networking)...
         Starting udev Coldplug all Devices...
         Starting Flush Journal to Persistent Storage...
[[0;32m  OK  [0m] Mounted FUSE Control File System.
[[0;32m  OK  [0m] Started Load/Save Random Seed.
[[0;32m  OK  [0m] Started Apply Kernel Variables.
[[0;32m  OK  [0m] Started Flush Journal to Persistent Storage.
[[0;32m  OK  [0m] Started udev Coldplug all Devices.
[[0;32m  OK  [0m] Started Monitoring of LVM2 mirrors,...ng dmeventd or progress polling.
[[0;32m  OK  [0m] Started Create Static Device Nodes in /dev.
         Starting udev Kernel Device Manager...
[[0;32m  OK  [0m] Started udev Kernel Device Manager.
[[0;32m  OK  [0m] Started Dispatch Password Requests to Console Directory Watch.
[[0;32m  OK  [0m] Reached target Local File Systems (Pre).
[[0;32m  OK  [0m] Reached target Local File Systems.
         Starting Tell Plymouth To Write Out Runtime Data...
         Starting Set console font and keymap...
         Starting LSB: AppArmor initialization...
         Starting Create Volatile Files and Directories...
[[0;32m  OK  [0m] Started Tell Plymouth To Write Out Runtime Data.
[[0;32m  OK  [0m] Found device /dev/ttyS0.
[[0;32m  OK  [0m] Started Create Volatile Files and Directories.
         Starting Update UTMP about System Boot/Shutdown...
[[0;32m  OK  [0m] Started Update UTMP about System Boot/Shutdown.
[[0;32m  OK  [0m] Started Set console font and keymap.
[[0;32m  OK  [0m] Created slice system-getty.slice.
[[0;32m  OK  [0m] Found device 82540EM Gigabit Ethern...r (PRO/1000 MT Desktop Adapter).
[[0;32m  OK  [0m] Listening on Load/Save RF Kill Switch Status /dev/rfkill Watch.
[[0;32m  OK  [0m] Started LSB: AppArmor initialization.
[   27.488084] cloud-init[439]: Cloud-init v. 17.2 running 'init-local' at Thu, 12 Apr 2018 02:02:30 +0000. Up 26.75 seconds.
[[0;32m  OK  [0m] Started Initial cloud-init job (pre-networking).
[[0;32m  OK  [0m] Reached target Network (Pre).
[[0;32m  OK  [0m] Started ifup for enp0s8.
[[0;32m  OK  [0m] Started ifup for enp0s3.
         Starting Raise network interfaces...
[[0;32m  OK  [0m] Started Raise network interfaces.
[[0;32m  OK  [0m] Reached target Network.
         Starting Initial cloud-init job (metadata service crawler)...
[   28.971377] cloud-init[1051]: Cloud-init v. 17.2 running 'init' at Thu, 12 Apr 2018 02:02:31 +0000. Up 28.30 seconds.
[   29.052724] cloud-init[1051]: ci-info: ++++++++++++++++++++++++++++++++++++++Net device info++++++++++++++++++++++++++++++++++++++
[   29.052935] cloud-init[1051]: ci-info: +--------+------+-----------------------------+---------------+-------+-------------------+
[[0;32m  OK  [0m] Started Initial cloud-init job (metadata service crawler).
[   29.053138] cloud-init[1051]: ci-info: | Device |  Up  |           Address           |      Mask     | Scope |     Hw-Address    |
[   29.329002] cloud-init[1051]: ci-info: +--------+------+-----------------------------+---------------+-------+-------------------+
[   29.329254] cloud-init[1051]: ci-info: | enp0s3 | True |          10.0.2.15          | 255.255.255.0 |   .   | 02:1b:e7:ca:c1:c0 |
[[0;32m  OK  [0m] Reached target System Initialization.
[[   29.329367] cloud-init[1051]: ci-info: | enp0s3 | True |  fe80::1b:e7ff:feca:c1c0/64 |       .       |  link | 02:1b:e7:ca:c1:c0 |
[   29.616798] cloud-init[1051]: ci-info: | enp0s8 | True |        192.168.33.11        | 255.255.255.0 |   .   | 08:00:27:b6:56:9e |
[0;32m  OK  [0m] Started Daily Cleanup of Temporary Directories.
[   29.616885] cloud-init[1051]: ci-info: | enp0s8 | True | fe80::a00:27ff:feb6:569e/64 |       .       |  link | 08:00:27:b6:56:9e |
[   30.021311] cloud-init[1051]: ci-info: |   lo   | True |          127.0.0.1          |   255.0.0.0   |   .   |         .         |
[   30.021566] cloud-init[1051]: ci-info: |   lo   | True |           ::1/128           |       .       |  host |         .         |
[[0;32m  OK  [0m] Started ACPI Events Check.
[[   30.021706] cloud-init[1051]: ci-info: +--------+------+-----------------------------+---------------+-------+-------------------+
[   30.281951] cloud-init[1051]: ci-info: ++++++++++++++++++++++++++++Route IPv4 info++++++++++++++++++++++++++++
[0;32m  OK  [0m] Reached target Paths.
[   30.282021] cloud-init[1051]: ci-info: +-------+--------------+----------+---------------+-----------+-------+
[   30.771766] cloud-init[1051]: ci-info: | Route | Destination  | Gateway  |    Genmask    | Interface | Flags |
         [   30.783977] Starting LXD - unix socket.cloud-init
[1051]: ci-info: +-------+--------------+----------+---------------+-----------+-------+
[   30.800476] cloud-init[1051]: ci-info: |   0   |   0.0.0.0    | 10.0.2.2 |    0.0.0.0    |   enp0s3  |   UG  |
[   30.800718] cloud-init[1051]: ci-info: |   1   |   10.0.2.0   | 0.0.0.0  | 255.255.255.0 |   enp0s3  |   U   |
[[0;32m  OK  [0m] Listening on UUID daemon activation socket.
[   30.800890] cloud-init[1051]: ci-info: |   2   | 192.168.33.0 | 0.0.0.0  | 255.255.255.0 |   enp0s8  |   U   |
[   30.815248] cloud-init[1051]: ci-info: +-------+--------------+----------+---------------+-----------+-------+
[[0;32m  OK  [0m] Listening on D-Bus System Message Bus Socket.
[[0;32m  OK  [0m] Listening on ACPID Listen Socket.
[[0;32m  OK  [0m] Started Daily apt download activities.
[[0;32m  OK  [0m] Started Daily apt upgrade and clean activities.
         Starting Socket activation for snappy daemon.
[[0;32m  OK  [0m] Started Timer to automatically refresh installed snaps.
[[0;32m  OK  [0m] Reached target Timers.
[[0;32m  OK  [0m] Reached target Network is Online.
         Starting iSCSI initiator daemon (iscsid)...
[[0;32m  OK  [0m] Reached target Cloud-config availability.
[[0;32m  OK  [0m] Listening on LXD - unix socket.
[[0;32m  OK  [0m] Listening on Socket activation for snappy daemon.
[[0;32m  OK  [0m] Reached target Sockets.
[[0;32m  OK  [0m] Reached target Basic System.
[[0;32m  OK  [0m] Started Deferred execution scheduler.
[[0;32m  OK  [0m] Started D-Bus System Message Bus.
         Starting LXD - container startup/shutdown...
         Starting Accounts Service...
[[0;32m  OK  [0m] Started Unattended Upgrades Shutdown.
         Starting MySQL Community Server...
         Starting /etc/rc.local Compatibility...
[[0;32m  OK  [0m] Started ACPI event daemon.
         Starting LSB: Record successful boot for GRUB...
         Starting Apply the settings specified in cloud-config...
         Starting System Logging Service...
         Starting OpenBSD Secure Shell server...
[[0;32m  OK  [0m] Started Regular background program processing daemon.
         Starting Virtualbox guest utils...
[[0;32m  OK  [0m] Started FUSE filesystem for LXC.
         Starting Login Service...
         Starting Snappy daemon...
         Starting LSB: MD monitoring daemon...
[[0;32m  OK  [0m] Started iSCSI initiator daemon (iscsid).
[[0;32m  OK  [0m] Started /etc/rc.local Compatibility.
         Starting Login to default iSCSI targets...
[[0;32m  OK  [0m] Started Login Service.
[[0;32m  OK  [0m] Started LSB: MD monitoring daemon.
[[0;32m  OK  [0m] Started System Logging Service.
[[0;32m  OK  [0m] Started Login to default iSCSI targets.
[[0;32m  OK  [0m] Reached target Remote File Systems (Pre).
[[0;32m  OK  [0m] Reached target Remote File Systems.
         Starting Permit User Sessions...
         Starting LSB: Set the CPU Frequency Scaling governor to "ondemand"...
         Starting LSB: automatic crash report generation...
         Starting LSB: daemon to balance interrupts for SMP systems...
         Starting LSB: Start Jenkins at boot time...
[[0;32m  OK  [0m] Started Permit User Sessions.
[   33.641877] cloud-init[1125]: Cloud-init v. 17.2 running 'modules:config' at Thu, 12 Apr 2018 02:02:35 +0000. Up 32.28 seconds.
[[0;32m  OK  [0m] Started LSB: Record successful boot for GRUB.
[[0;32m  OK  [0m] Started Apply the settings specified in cloud-config.
[[0;32m  OK  [0m] Started LSB: Set the CPU Frequency Scaling governor to "ondemand".
         Starting Authenticate and Authorize Users to Run Privileged Tasks...
         Starting Hold until boot process finishes up...
         Starting Terminate Plymouth Boot Screen...
[[0;32m  OK  [0m] Started Hold until boot process finishes up.
[[0;32m  OK  [0m] Started Terminate Plymouth Boot Screen.
[[0;32m  OK  [0m] Started LSB: automaticccrash report generation.
[[0;32m  OK  [0m] Started Getty on tty1.
         Starting Set console scheme...
[[0;32m  OK  [0m] Started Serial Getty on ttyS0.
[[0;32m  OK  [0m] Reached target Login Prompts.
[[0;32m  OK  [0m] Started Virtualbox guest utils.
[[0;32m  OK  [0m] Started LSB: daemon to balance interrupts for SMP systems.
[[0;32m  OK  [0m] Started Set console scheme.
[[0;32m  OK  [0m] Started OpenBSD Secure Shell server.
[[0;32m  OK  [0m] Started Authenticate and Authorize Users to Run Privileged Tasks.
[[0;32m  OK  [0m] Started Accounts Service.
[[0;32m  OK  [0m] Started Snappy daemon.
[[0;32m  OK  [0m] Started LXD - container startup/shutdown.
[[0;32m  OK  [0m] Created slice User Slice of vagrant.
         Starting User Manager for UID 1000...

Ubuntu 16.04.4 LTS ubuntu-xenial ttyS0

ubuntu-xenial login: [   45.601782] cloud-init[1573]: Cloud-init v. 17.2 running 'modules:final' at Thu, 12 Apr 2018 02:02:48 +0000. Up 45.05 seconds.
[   45.602313] cloud-init[1573]: Cloud-init v. 17.2 finished at Thu, 12 Apr 2018 02:02:49 +0000. Datasource DataSourceNoCloud [seed=/dev/sdb][dsmode=net].  Up 45.59 seconds
